INFO  | 2021-08-24 10:47:28 | [main] hibernate.Version (Version.java:45) - HHH000412: Hibernate Core {5.2.9.Final}
INFO  | 2021-08-24 10:47:28 | [main] cfg.Environment (Environment.java:213) - HHH000206: hibernate.properties not found
WARN  | 2021-08-24 10:47:28 | [main] stax.LocalXmlResourceResolver (LocalXmlResourceResolver.java:91) - HHH90000012: Recognized obsolete hibernate namespace http://hibernate.sourceforge.net/hibernate-configuration. Use namespace http://www.hibernate.org/dtd/hibernate-configuration instead.  Support for obsolete DTD/XSD namespaces may be removed at any time.
INFO  | 2021-08-24 10:47:29 | [main] java.JavaReflectionManager (JavaReflectionManager.java:66) - HCANN000001: Hibernate Commons Annotations {5.0.1.Final}
WARN  | 2021-08-24 10:47:29 | [main] internal.DriverManagerConnectionProviderImpl (DriverManagerConnectionProviderImpl.java:70) - HHH10001002: Using Hibernate built-in connection pool (not for production use!)
INFO  | 2021-08-24 10:47:29 | [main] internal.DriverManagerConnectionProviderImpl (DriverManagerConnectionProviderImpl.java:126) - HHH10001005: using driver [com.mysql.cj.jdbc.Driver] at URL [jdbc:mysql://localhost:3306/yms2]
INFO  | 2021-08-24 10:47:29 | [main] internal.DriverManagerConnectionProviderImpl (DriverManagerConnectionProviderImpl.java:135) - HHH10001001: Connection properties: {user=root, password=****}
INFO  | 2021-08-24 10:47:29 | [main] internal.DriverManagerConnectionProviderImpl (DriverManagerConnectionProviderImpl.java:140) - HHH10001003: Autocommit mode: false
INFO  | 2021-08-24 10:47:29 | [main] internal.PooledConnections (PooledConnections.java:41) - HHH000115: Hibernate connection pool size: 10 (min=1)
INFO  | 2021-08-24 10:47:29 | [main] dialect.Dialect (Dialect.java:157) - HHH000400: Using dialect: org.hibernate.dialect.MySQL57Dialect
INFO  | 2021-08-24 10:47:30 | [main] internal.DdlTransactionIsolatorNonJtaImpl (DdlTransactionIsolatorNonJtaImpl.java:47) - HHH10001501: Connection obtained from JdbcConnectionAccess [org.hibernate.engine.jdbc.env.internal.JdbcEnvironmentInitiator$ConnectionProviderJdbcConnectionAccess@7e053511] for (non-JTA) DDL execution was not in auto-commit mode; the Connection 'local transaction' will be committed and the Connection will be set into auto-commit mode.
WARN  | 2021-08-24 10:47:30 | [main] spi.SqlExceptionHelper (SqlExceptionHelper.java:129) - SQL Error: 1062, SQLState: 23000
ERROR | 2021-08-24 10:47:30 | [main] spi.SqlExceptionHelper (SqlExceptionHelper.java:131) - Duplicate entry 'E12' for key 'UK_exr5mtk8x92q9t1ruuf6odrkk'
INFO  | 2021-08-24 10:49:37 | [main] hibernate.Version (Version.java:45) - HHH000412: Hibernate Core {5.2.9.Final}
INFO  | 2021-08-24 10:49:37 | [main] cfg.Environment (Environment.java:213) - HHH000206: hibernate.properties not found
WARN  | 2021-08-24 10:49:37 | [main] stax.LocalXmlResourceResolver (LocalXmlResourceResolver.java:91) - HHH90000012: Recognized obsolete hibernate namespace http://hibernate.sourceforge.net/hibernate-configuration. Use namespace http://www.hibernate.org/dtd/hibernate-configuration instead.  Support for obsolete DTD/XSD namespaces may be removed at any time.
INFO  | 2021-08-24 10:49:38 | [main] java.JavaReflectionManager (JavaReflectionManager.java:66) - HCANN000001: Hibernate Commons Annotations {5.0.1.Final}
WARN  | 2021-08-24 10:49:38 | [main] internal.DriverManagerConnectionProviderImpl (DriverManagerConnectionProviderImpl.java:70) - HHH10001002: Using Hibernate built-in connection pool (not for production use!)
INFO  | 2021-08-24 10:49:38 | [main] internal.DriverManagerConnectionProviderImpl (DriverManagerConnectionProviderImpl.java:126) - HHH10001005: using driver [com.mysql.cj.jdbc.Driver] at URL [jdbc:mysql://localhost:3306/yms2]
INFO  | 2021-08-24 10:49:38 | [main] internal.DriverManagerConnectionProviderImpl (DriverManagerConnectionProviderImpl.java:135) - HHH10001001: Connection properties: {user=root, password=****}
INFO  | 2021-08-24 10:49:38 | [main] internal.DriverManagerConnectionProviderImpl (DriverManagerConnectionProviderImpl.java:140) - HHH10001003: Autocommit mode: false
INFO  | 2021-08-24 10:49:38 | [main] internal.PooledConnections (PooledConnections.java:41) - HHH000115: Hibernate connection pool size: 10 (min=1)
INFO  | 2021-08-24 10:49:38 | [main] dialect.Dialect (Dialect.java:157) - HHH000400: Using dialect: org.hibernate.dialect.MySQL57Dialect
INFO  | 2021-08-24 10:49:39 | [main] internal.DdlTransactionIsolatorNonJtaImpl (DdlTransactionIsolatorNonJtaImpl.java:47) - HHH10001501: Connection obtained from JdbcConnectionAccess [org.hibernate.engine.jdbc.env.internal.JdbcEnvironmentInitiator$ConnectionProviderJdbcConnectionAccess@5298dead] for (non-JTA) DDL execution was not in auto-commit mode; the Connection 'local transaction' will be committed and the Connection will be set into auto-commit mode.
INFO  | 2021-08-24 10:49:54 | [main] internal.DdlTransactionIsolatorNonJtaImpl (DdlTransactionIsolatorNonJtaImpl.java:47) - HHH10001501: Connection obtained from JdbcConnectionAccess [org.hibernate.engine.jdbc.env.internal.JdbcEnvironmentInitiator$ConnectionProviderJdbcConnectionAccess@3e681bc] for (non-JTA) DDL execution was not in auto-commit mode; the Connection 'local transaction' will be committed and the Connection will be set into auto-commit mode.
INFO  | 2021-08-24 10:49:54 | [main] internal.SchemaCreatorImpl (SchemaCreatorImpl.java:489) - HHH000476: Executing import script 'org.hibernate.tool.schema.internal.exec.ScriptSourceInputNonExistentImpl@5f574cc2'
INFO  | 2021-08-24 10:49:54 | [main] internal.DriverManagerConnectionProviderImpl (DriverManagerConnectionProviderImpl.java:230) - HHH10001008: Cleaning up connection pool [jdbc:mysql://localhost:3306/yms2]
INFO  | 2021-08-24 10:51:12 | [main] hibernate.Version (Version.java:45) - HHH000412: Hibernate Core {5.2.9.Final}
INFO  | 2021-08-24 10:51:12 | [main] cfg.Environment (Environment.java:213) - HHH000206: hibernate.properties not found
WARN  | 2021-08-24 10:51:12 | [main] stax.LocalXmlResourceResolver (LocalXmlResourceResolver.java:91) - HHH90000012: Recognized obsolete hibernate namespace http://hibernate.sourceforge.net/hibernate-configuration. Use namespace http://www.hibernate.org/dtd/hibernate-configuration instead.  Support for obsolete DTD/XSD namespaces may be removed at any time.
INFO  | 2021-08-24 10:51:12 | [main] java.JavaReflectionManager (JavaReflectionManager.java:66) - HCANN000001: Hibernate Commons Annotations {5.0.1.Final}
WARN  | 2021-08-24 10:51:13 | [main] internal.DriverManagerConnectionProviderImpl (DriverManagerConnectionProviderImpl.java:70) - HHH10001002: Using Hibernate built-in connection pool (not for production use!)
INFO  | 2021-08-24 10:51:13 | [main] internal.DriverManagerConnectionProviderImpl (DriverManagerConnectionProviderImpl.java:126) - HHH10001005: using driver [com.mysql.cj.jdbc.Driver] at URL [jdbc:mysql://localhost:3306/yms2]
INFO  | 2021-08-24 10:51:13 | [main] internal.DriverManagerConnectionProviderImpl (DriverManagerConnectionProviderImpl.java:135) - HHH10001001: Connection properties: {user=root, password=****}
INFO  | 2021-08-24 10:51:13 | [main] internal.DriverManagerConnectionProviderImpl (DriverManagerConnectionProviderImpl.java:140) - HHH10001003: Autocommit mode: false
INFO  | 2021-08-24 10:51:13 | [main] internal.PooledConnections (PooledConnections.java:41) - HHH000115: Hibernate connection pool size: 10 (min=1)
INFO  | 2021-08-24 10:51:13 | [main] dialect.Dialect (Dialect.java:157) - HHH000400: Using dialect: org.hibernate.dialect.MySQL57Dialect
INFO  | 2021-08-24 10:51:13 | [main] internal.DdlTransactionIsolatorNonJtaImpl (DdlTransactionIsolatorNonJtaImpl.java:47) - HHH10001501: Connection obtained from JdbcConnectionAccess [org.hibernate.engine.jdbc.env.internal.JdbcEnvironmentInitiator$ConnectionProviderJdbcConnectionAccess@7e053511] for (non-JTA) DDL execution was not in auto-commit mode; the Connection 'local transaction' will be committed and the Connection will be set into auto-commit mode.
INFO  | 2021-08-24 10:51:14 | [main] internal.DriverManagerConnectionProviderImpl (DriverManagerConnectionProviderImpl.java:230) - HHH10001008: Cleaning up connection pool [jdbc:mysql://localhost:3306/yms2]
INFO  | 2021-08-24 10:54:17 | [main] hibernate.Version (Version.java:45) - HHH000412: Hibernate Core {5.2.9.Final}
INFO  | 2021-08-24 10:54:17 | [main] cfg.Environment (Environment.java:213) - HHH000206: hibernate.properties not found
WARN  | 2021-08-24 10:54:17 | [main] stax.LocalXmlResourceResolver (LocalXmlResourceResolver.java:91) - HHH90000012: Recognized obsolete hibernate namespace http://hibernate.sourceforge.net/hibernate-configuration. Use namespace http://www.hibernate.org/dtd/hibernate-configuration instead.  Support for obsolete DTD/XSD namespaces may be removed at any time.
INFO  | 2021-08-24 10:54:17 | [main] java.JavaReflectionManager (JavaReflectionManager.java:66) - HCANN000001: Hibernate Commons Annotations {5.0.1.Final}
WARN  | 2021-08-24 10:54:17 | [main] internal.DriverManagerConnectionProviderImpl (DriverManagerConnectionProviderImpl.java:70) - HHH10001002: Using Hibernate built-in connection pool (not for production use!)
INFO  | 2021-08-24 10:54:17 | [main] internal.DriverManagerConnectionProviderImpl (DriverManagerConnectionProviderImpl.java:126) - HHH10001005: using driver [com.mysql.cj.jdbc.Driver] at URL [jdbc:mysql://localhost:3306/yms2]
INFO  | 2021-08-24 10:54:17 | [main] internal.DriverManagerConnectionProviderImpl (DriverManagerConnectionProviderImpl.java:135) - HHH10001001: Connection properties: {user=root, password=****}
INFO  | 2021-08-24 10:54:17 | [main] internal.DriverManagerConnectionProviderImpl (DriverManagerConnectionProviderImpl.java:140) - HHH10001003: Autocommit mode: false
INFO  | 2021-08-24 10:54:17 | [main] internal.PooledConnections (PooledConnections.java:41) - HHH000115: Hibernate connection pool size: 10 (min=1)
INFO  | 2021-08-24 10:54:18 | [main] dialect.Dialect (Dialect.java:157) - HHH000400: Using dialect: org.hibernate.dialect.MySQL57Dialect
INFO  | 2021-08-24 10:54:18 | [main] internal.DdlTransactionIsolatorNonJtaImpl (DdlTransactionIsolatorNonJtaImpl.java:47) - HHH10001501: Connection obtained from JdbcConnectionAccess [org.hibernate.engine.jdbc.env.internal.JdbcEnvironmentInitiator$ConnectionProviderJdbcConnectionAccess@60222fd8] for (non-JTA) DDL execution was not in auto-commit mode; the Connection 'local transaction' will be committed and the Connection will be set into auto-commit mode.
INFO  | 2021-08-24 10:54:19 | [main] internal.DriverManagerConnectionProviderImpl (DriverManagerConnectionProviderImpl.java:230) - HHH10001008: Cleaning up connection pool [jdbc:mysql://localhost:3306/yms2]
INFO  | 2021-08-24 10:55:44 | [main] hibernate.Version (Version.java:45) - HHH000412: Hibernate Core {5.2.9.Final}
INFO  | 2021-08-24 10:55:44 | [main] cfg.Environment (Environment.java:213) - HHH000206: hibernate.properties not found
WARN  | 2021-08-24 10:55:44 | [main] stax.LocalXmlResourceResolver (LocalXmlResourceResolver.java:91) - HHH90000012: Recognized obsolete hibernate namespace http://hibernate.sourceforge.net/hibernate-configuration. Use namespace http://www.hibernate.org/dtd/hibernate-configuration instead.  Support for obsolete DTD/XSD namespaces may be removed at any time.
INFO  | 2021-08-24 10:55:44 | [main] java.JavaReflectionManager (JavaReflectionManager.java:66) - HCANN000001: Hibernate Commons Annotations {5.0.1.Final}
WARN  | 2021-08-24 10:55:44 | [main] internal.DriverManagerConnectionProviderImpl (DriverManagerConnectionProviderImpl.java:70) - HHH10001002: Using Hibernate built-in connection pool (not for production use!)
INFO  | 2021-08-24 10:55:44 | [main] internal.DriverManagerConnectionProviderImpl (DriverManagerConnectionProviderImpl.java:126) - HHH10001005: using driver [com.mysql.cj.jdbc.Driver] at URL [jdbc:mysql://localhost:3306/yms2]
INFO  | 2021-08-24 10:55:44 | [main] internal.DriverManagerConnectionProviderImpl (DriverManagerConnectionProviderImpl.java:135) - HHH10001001: Connection properties: {user=root, password=****}
INFO  | 2021-08-24 10:55:44 | [main] internal.DriverManagerConnectionProviderImpl (DriverManagerConnectionProviderImpl.java:140) - HHH10001003: Autocommit mode: false
INFO  | 2021-08-24 10:55:44 | [main] internal.PooledConnections (PooledConnections.java:41) - HHH000115: Hibernate connection pool size: 10 (min=1)
INFO  | 2021-08-24 10:55:45 | [main] dialect.Dialect (Dialect.java:157) - HHH000400: Using dialect: org.hibernate.dialect.MySQL57Dialect
INFO  | 2021-08-24 10:55:45 | [main] internal.DdlTransactionIsolatorNonJtaImpl (DdlTransactionIsolatorNonJtaImpl.java:47) - HHH10001501: Connection obtained from JdbcConnectionAccess [org.hibernate.engine.jdbc.env.internal.JdbcEnvironmentInitiator$ConnectionProviderJdbcConnectionAccess@553f3b6e] for (non-JTA) DDL execution was not in auto-commit mode; the Connection 'local transaction' will be committed and the Connection will be set into auto-commit mode.
INFO  | 2021-08-24 10:55:46 | [main] internal.DdlTransactionIsolatorNonJtaImpl (DdlTransactionIsolatorNonJtaImpl.java:47) - HHH10001501: Connection obtained from JdbcConnectionAccess [org.hibernate.engine.jdbc.env.internal.JdbcEnvironmentInitiator$ConnectionProviderJdbcConnectionAccess@5c09d180] for (non-JTA) DDL execution was not in auto-commit mode; the Connection 'local transaction' will be committed and the Connection will be set into auto-commit mode.
INFO  | 2021-08-24 10:55:46 | [main] internal.SchemaCreatorImpl (SchemaCreatorImpl.java:489) - HHH000476: Executing import script 'org.hibernate.tool.schema.internal.exec.ScriptSourceInputNonExistentImpl@680bddf5'
INFO  | 2021-08-24 10:55:47 | [main] internal.SchemaDropperImpl$DelayedDropActionImpl (SchemaDropperImpl.java:524) - HHH000477: Starting delayed drop of schema as part of SessionFactory shut-down'
INFO  | 2021-08-24 10:55:47 | [main] internal.DdlTransactionIsolatorNonJtaImpl (DdlTransactionIsolatorNonJtaImpl.java:47) - HHH10001501: Connection obtained from JdbcConnectionAccess [org.hibernate.engine.jdbc.env.internal.JdbcEnvironmentInitiator$ConnectionProviderJdbcConnectionAccess@5e76a2bb] for (non-JTA) DDL execution was not in auto-commit mode; the Connection 'local transaction' will be committed and the Connection will be set into auto-commit mode.
INFO  | 2021-08-24 10:55:47 | [main] internal.DriverManagerConnectionProviderImpl (DriverManagerConnectionProviderImpl.java:230) - HHH10001008: Cleaning up connection pool [jdbc:mysql://localhost:3306/yms2]
INFO  | 2021-08-24 10:57:33 | [main] hibernate.Version (Version.java:45) - HHH000412: Hibernate Core {5.2.9.Final}
INFO  | 2021-08-24 10:57:33 | [main] cfg.Environment (Environment.java:213) - HHH000206: hibernate.properties not found
WARN  | 2021-08-24 10:57:33 | [main] stax.LocalXmlResourceResolver (LocalXmlResourceResolver.java:91) - HHH90000012: Recognized obsolete hibernate namespace http://hibernate.sourceforge.net/hibernate-configuration. Use namespace http://www.hibernate.org/dtd/hibernate-configuration instead.  Support for obsolete DTD/XSD namespaces may be removed at any time.
INFO  | 2021-08-24 10:57:33 | [main] java.JavaReflectionManager (JavaReflectionManager.java:66) - HCANN000001: Hibernate Commons Annotations {5.0.1.Final}
WARN  | 2021-08-24 10:57:33 | [main] internal.DriverManagerConnectionProviderImpl (DriverManagerConnectionProviderImpl.java:70) - HHH10001002: Using Hibernate built-in connection pool (not for production use!)
INFO  | 2021-08-24 10:57:33 | [main] internal.DriverManagerConnectionProviderImpl (DriverManagerConnectionProviderImpl.java:126) - HHH10001005: using driver [com.mysql.cj.jdbc.Driver] at URL [jdbc:mysql://localhost:3306/yms2]
INFO  | 2021-08-24 10:57:33 | [main] internal.DriverManagerConnectionProviderImpl (DriverManagerConnectionProviderImpl.java:135) - HHH10001001: Connection properties: {user=root, password=****}
INFO  | 2021-08-24 10:57:33 | [main] internal.DriverManagerConnectionProviderImpl (DriverManagerConnectionProviderImpl.java:140) - HHH10001003: Autocommit mode: false
INFO  | 2021-08-24 10:57:33 | [main] internal.PooledConnections (PooledConnections.java:41) - HHH000115: Hibernate connection pool size: 10 (min=1)
INFO  | 2021-08-24 10:57:34 | [main] dialect.Dialect (Dialect.java:157) - HHH000400: Using dialect: org.hibernate.dialect.MySQL57Dialect
INFO  | 2021-08-24 10:57:34 | [main] internal.DdlTransactionIsolatorNonJtaImpl (DdlTransactionIsolatorNonJtaImpl.java:47) - HHH10001501: Connection obtained from JdbcConnectionAccess [org.hibernate.engine.jdbc.env.internal.JdbcEnvironmentInitiator$ConnectionProviderJdbcConnectionAccess@553f3b6e] for (non-JTA) DDL execution was not in auto-commit mode; the Connection 'local transaction' will be committed and the Connection will be set into auto-commit mode.
INFO  | 2021-08-24 10:57:34 | [main] internal.DdlTransactionIsolatorNonJtaImpl (DdlTransactionIsolatorNonJtaImpl.java:47) - HHH10001501: Connection obtained from JdbcConnectionAccess [org.hibernate.engine.jdbc.env.internal.JdbcEnvironmentInitiator$ConnectionProviderJdbcConnectionAccess@680bddf5] for (non-JTA) DDL execution was not in auto-commit mode; the Connection 'local transaction' will be committed and the Connection will be set into auto-commit mode.
INFO  | 2021-08-24 10:57:36 | [main] internal.SchemaCreatorImpl (SchemaCreatorImpl.java:489) - HHH000476: Executing import script 'org.hibernate.tool.schema.internal.exec.ScriptSourceInputNonExistentImpl@48d7ad8b'
INFO  | 2021-08-24 10:57:36 | [main] internal.DriverManagerConnectionProviderImpl (DriverManagerConnectionProviderImpl.java:230) - HHH10001008: Cleaning up connection pool [jdbc:mysql://localhost:3306/yms2]
INFO  | 2021-08-24 11:03:15 | [main] hibernate.Version (Version.java:45) - HHH000412: Hibernate Core {5.2.9.Final}
INFO  | 2021-08-24 11:03:15 | [main] cfg.Environment (Environment.java:213) - HHH000206: hibernate.properties not found
WARN  | 2021-08-24 11:03:15 | [main] stax.LocalXmlResourceResolver (LocalXmlResourceResolver.java:91) - HHH90000012: Recognized obsolete hibernate namespace http://hibernate.sourceforge.net/hibernate-configuration. Use namespace http://www.hibernate.org/dtd/hibernate-configuration instead.  Support for obsolete DTD/XSD namespaces may be removed at any time.
INFO  | 2021-08-24 11:03:16 | [main] java.JavaReflectionManager (JavaReflectionManager.java:66) - HCANN000001: Hibernate Commons Annotations {5.0.1.Final}
WARN  | 2021-08-24 11:03:16 | [main] internal.DriverManagerConnectionProviderImpl (DriverManagerConnectionProviderImpl.java:70) - HHH10001002: Using Hibernate built-in connection pool (not for production use!)
INFO  | 2021-08-24 11:03:16 | [main] internal.DriverManagerConnectionProviderImpl (DriverManagerConnectionProviderImpl.java:126) - HHH10001005: using driver [com.mysql.cj.jdbc.Driver] at URL [jdbc:mysql://localhost:3306/yms2]
INFO  | 2021-08-24 11:03:16 | [main] internal.DriverManagerConnectionProviderImpl (DriverManagerConnectionProviderImpl.java:135) - HHH10001001: Connection properties: {user=root, password=****}
INFO  | 2021-08-24 11:03:16 | [main] internal.DriverManagerConnectionProviderImpl (DriverManagerConnectionProviderImpl.java:140) - HHH10001003: Autocommit mode: false
INFO  | 2021-08-24 11:03:16 | [main] internal.PooledConnections (PooledConnections.java:41) - HHH000115: Hibernate connection pool size: 10 (min=1)
INFO  | 2021-08-24 11:03:16 | [main] dialect.Dialect (Dialect.java:157) - HHH000400: Using dialect: org.hibernate.dialect.MySQL57Dialect
INFO  | 2021-08-24 11:03:17 | [main] internal.DdlTransactionIsolatorNonJtaImpl (DdlTransactionIsolatorNonJtaImpl.java:47) - HHH10001501: Connection obtained from JdbcConnectionAccess [org.hibernate.engine.jdbc.env.internal.JdbcEnvironmentInitiator$ConnectionProviderJdbcConnectionAccess@6bb7cce7] for (non-JTA) DDL execution was not in auto-commit mode; the Connection 'local transaction' will be committed and the Connection will be set into auto-commit mode.
INFO  | 2021-08-24 11:03:17 | [main] internal.DriverManagerConnectionProviderImpl (DriverManagerConnectionProviderImpl.java:230) - HHH10001008: Cleaning up connection pool [jdbc:mysql://localhost:3306/yms2]
INFO  | 2021-08-24 11:04:16 | [main] hibernate.Version (Version.java:45) - HHH000412: Hibernate Core {5.2.9.Final}
INFO  | 2021-08-24 11:04:16 | [main] cfg.Environment (Environment.java:213) - HHH000206: hibernate.properties not found
WARN  | 2021-08-24 11:04:16 | [main] stax.LocalXmlResourceResolver (LocalXmlResourceResolver.java:91) - HHH90000012: Recognized obsolete hibernate namespace http://hibernate.sourceforge.net/hibernate-configuration. Use namespace http://www.hibernate.org/dtd/hibernate-configuration instead.  Support for obsolete DTD/XSD namespaces may be removed at any time.
INFO  | 2021-08-24 11:04:17 | [main] java.JavaReflectionManager (JavaReflectionManager.java:66) - HCANN000001: Hibernate Commons Annotations {5.0.1.Final}
WARN  | 2021-08-24 11:04:17 | [main] internal.DriverManagerConnectionProviderImpl (DriverManagerConnectionProviderImpl.java:70) - HHH10001002: Using Hibernate built-in connection pool (not for production use!)
INFO  | 2021-08-24 11:04:17 | [main] internal.DriverManagerConnectionProviderImpl (DriverManagerConnectionProviderImpl.java:126) - HHH10001005: using driver [com.mysql.cj.jdbc.Driver] at URL [jdbc:mysql://localhost:3306/yms2]
INFO  | 2021-08-24 11:04:17 | [main] internal.DriverManagerConnectionProviderImpl (DriverManagerConnectionProviderImpl.java:135) - HHH10001001: Connection properties: {user=root, password=****}
INFO  | 2021-08-24 11:04:17 | [main] internal.DriverManagerConnectionProviderImpl (DriverManagerConnectionProviderImpl.java:140) - HHH10001003: Autocommit mode: false
INFO  | 2021-08-24 11:04:17 | [main] internal.PooledConnections (PooledConnections.java:41) - HHH000115: Hibernate connection pool size: 10 (min=1)
INFO  | 2021-08-24 11:04:17 | [main] dialect.Dialect (Dialect.java:157) - HHH000400: Using dialect: org.hibernate.dialect.MySQL57Dialect
INFO  | 2021-08-24 11:04:18 | [main] internal.DdlTransactionIsolatorNonJtaImpl (DdlTransactionIsolatorNonJtaImpl.java:47) - HHH10001501: Connection obtained from JdbcConnectionAccess [org.hibernate.engine.jdbc.env.internal.JdbcEnvironmentInitiator$ConnectionProviderJdbcConnectionAccess@6bb7cce7] for (non-JTA) DDL execution was not in auto-commit mode; the Connection 'local transaction' will be committed and the Connection will be set into auto-commit mode.
INFO  | 2021-08-24 11:04:18 | [main] internal.DriverManagerConnectionProviderImpl (DriverManagerConnectionProviderImpl.java:230) - HHH10001008: Cleaning up connection pool [jdbc:mysql://localhost:3306/yms2]
INFO  | 2021-08-24 11:05:18 | [main] hibernate.Version (Version.java:45) - HHH000412: Hibernate Core {5.2.9.Final}
INFO  | 2021-08-24 11:05:18 | [main] cfg.Environment (Environment.java:213) - HHH000206: hibernate.properties not found
WARN  | 2021-08-24 11:05:18 | [main] stax.LocalXmlResourceResolver (LocalXmlResourceResolver.java:91) - HHH90000012: Recognized obsolete hibernate namespace http://hibernate.sourceforge.net/hibernate-configuration. Use namespace http://www.hibernate.org/dtd/hibernate-configuration instead.  Support for obsolete DTD/XSD namespaces may be removed at any time.
INFO  | 2021-08-24 11:05:19 | [main] java.JavaReflectionManager (JavaReflectionManager.java:66) - HCANN000001: Hibernate Commons Annotations {5.0.1.Final}
WARN  | 2021-08-24 11:05:19 | [main] internal.DriverManagerConnectionProviderImpl (DriverManagerConnectionProviderImpl.java:70) - HHH10001002: Using Hibernate built-in connection pool (not for production use!)
INFO  | 2021-08-24 11:05:19 | [main] internal.DriverManagerConnectionProviderImpl (DriverManagerConnectionProviderImpl.java:126) - HHH10001005: using driver [com.mysql.cj.jdbc.Driver] at URL [jdbc:mysql://localhost:3306/yms2]
INFO  | 2021-08-24 11:05:19 | [main] internal.DriverManagerConnectionProviderImpl (DriverManagerConnectionProviderImpl.java:135) - HHH10001001: Connection properties: {user=root, password=****}
INFO  | 2021-08-24 11:05:19 | [main] internal.DriverManagerConnectionProviderImpl (DriverManagerConnectionProviderImpl.java:140) - HHH10001003: Autocommit mode: false
INFO  | 2021-08-24 11:05:19 | [main] internal.PooledConnections (PooledConnections.java:41) - HHH000115: Hibernate connection pool size: 10 (min=1)
INFO  | 2021-08-24 11:05:19 | [main] dialect.Dialect (Dialect.java:157) - HHH000400: Using dialect: org.hibernate.dialect.MySQL57Dialect
INFO  | 2021-08-24 11:05:20 | [main] internal.DdlTransactionIsolatorNonJtaImpl (DdlTransactionIsolatorNonJtaImpl.java:47) - HHH10001501: Connection obtained from JdbcConnectionAccess [org.hibernate.engine.jdbc.env.internal.JdbcEnvironmentInitiator$ConnectionProviderJdbcConnectionAccess@6bb7cce7] for (non-JTA) DDL execution was not in auto-commit mode; the Connection 'local transaction' will be committed and the Connection will be set into auto-commit mode.
INFO  | 2021-08-24 11:05:20 | [main] internal.DriverManagerConnectionProviderImpl (DriverManagerConnectionProviderImpl.java:230) - HHH10001008: Cleaning up connection pool [jdbc:mysql://localhost:3306/yms2]
